[2025-11-03 21:28:01,048] INFO: {
    "abs_dir": "/home/patient/my_project/digital_image_projects/fin/siMLPe-main/exps/baseline_h36m",
    "batch_size": 256,
    "cos_lr_max": 1e-05,
    "cos_lr_min": 5e-08,
    "cos_lr_total_iters": 40000,
    "data_aug": true,
    "deriv_input": true,
    "deriv_output": true,
    "h36m_anno_dir": "/home/patient/my_project/digital_image_projects/fin/siMLPe-main/data/h36m/",
    "link_log_file": "/home/patient/my_project/digital_image_projects/fin/siMLPe-main/exps/baseline_h36m/log/log_last.log",
    "link_val_log_file": "/home/patient/my_project/digital_image_projects/fin/siMLPe-main/exps/baseline_h36m/log/val_last.log",
    "log_dir": "/home/patient/my_project/digital_image_projects/fin/siMLPe-main/exps/baseline_h36m/log",
    "log_file": "/home/patient/my_project/digital_image_projects/fin/siMLPe-main/exps/baseline_h36m/log/log_2025_11_03_21_27_35.log",
    "model_pth": null,
    "motion": {
        "dim": 66,
        "h36m_input_length": 50,
        "h36m_input_length_dct": 50,
        "h36m_target_length": 10,
        "h36m_target_length_eval": 25,
        "h36m_target_length_train": 10
    },
    "motion_fc_in": {
        "activation": "relu",
        "in_features": 66,
        "init_w_trunc_normal": false,
        "out_features": 66,
        "temporal_fc": false,
        "with_norm": false
    },
    "motion_fc_out": {
        "activation": "relu",
        "in_features": 66,
        "init_w_trunc_normal": true,
        "out_features": 66,
        "temporal_fc": false,
        "with_norm": false
    },
    "motion_mlp": {
        "hidden_dim": 66,
        "norm_axis": "spatial",
        "num_layers": 48,
        "seq_len": 50,
        "spatial_fc_only": false,
        "with_normalization": true
    },
    "num_workers": 8,
    "post_dct": false,
    "pre_dct": false,
    "print_every": 100,
    "repo_name": "siMLPe-main",
    "root_dir": "/home/patient/my_project/digital_image_projects/fin/siMLPe-main",
    "save_every": 5000,
    "seed": 304,
    "shift_step": 1,
    "snapshot_dir": "/home/patient/my_project/digital_image_projects/fin/siMLPe-main/exps/baseline_h36m/log/snapshot",
    "this_dir": "baseline_h36m",
    "use_relative_loss": true,
    "val_log_file": "/home/patient/my_project/digital_image_projects/fin/siMLPe-main/exps/baseline_h36m/log/val_2025_11_03_21_27_35.log",
    "weight_decay": 0.0001
}
[2025-11-03 21:30:38,329] INFO: Iter 100 Summary: 
[2025-11-03 21:30:38,330] INFO: 	 lr: 0.00030000000000000073 	 Training loss: 0.1022186703979969
[2025-11-03 21:33:02,228] INFO: Iter 200 Summary: 
[2025-11-03 21:33:02,229] INFO: 	 lr: 0.00030000000000000073 	 Training loss: 0.07463918209075927
[2025-11-03 21:35:20,658] INFO: Iter 300 Summary: 
[2025-11-03 21:35:20,658] INFO: 	 lr: 0.00030000000000000073 	 Training loss: 0.07407266907393932
[2025-11-03 21:37:40,352] INFO: Iter 400 Summary: 
[2025-11-03 21:37:40,352] INFO: 	 lr: 0.00030000000000000073 	 Training loss: 0.07028252281248569
[2025-11-03 21:40:01,056] INFO: Iter 500 Summary: 
[2025-11-03 21:40:01,057] INFO: 	 lr: 0.00030000000000000073 	 Training loss: 0.06658276230096817
[2025-11-03 21:42:19,638] INFO: Iter 600 Summary: 
[2025-11-03 21:42:19,638] INFO: 	 lr: 0.00030000000000000073 	 Training loss: 0.06140307031571865
[2025-11-03 21:44:42,800] INFO: Iter 700 Summary: 
[2025-11-03 21:44:42,801] INFO: 	 lr: 0.00030000000000000073 	 Training loss: 0.059059612229466436
[2025-11-03 21:47:12,309] INFO: Iter 800 Summary: 
[2025-11-03 21:47:12,309] INFO: 	 lr: 0.00030000000000000073 	 Training loss: 0.057044939585030076
[2025-11-03 21:49:45,822] INFO: Iter 900 Summary: 
[2025-11-03 21:49:45,822] INFO: 	 lr: 0.00030000000000000073 	 Training loss: 0.05685788944363594
[2025-11-03 21:52:19,520] INFO: Iter 1000 Summary: 
[2025-11-03 21:52:19,520] INFO: 	 lr: 0.00030000000000000073 	 Training loss: 0.056371604911983016
[2025-11-03 21:54:52,374] INFO: Iter 1100 Summary: 
[2025-11-03 21:54:52,375] INFO: 	 lr: 0.00030000000000000073 	 Training loss: 0.05504511941224337
[2025-11-03 21:57:25,030] INFO: Iter 1200 Summary: 
[2025-11-03 21:57:25,030] INFO: 	 lr: 0.00030000000000000073 	 Training loss: 0.0547284971922636
